mobile/android/dektalk/app/build/outputs/logs/manifest-merger-debug-report.txt
-- Merging decision tree log ---
manifest
ADDED from src/main/AndroidManifest.xml:2:1-20:12
	package
		ADDED from src/main/AndroidManifest.xml:3:5-37
		INJECTED from src/main/AndroidManifest.xml
		INJECTED from src/main/AndroidManifest.xml
	android:versionName
		INJECTED from src/main/AndroidManifest.xml
		INJECTED from src/main/AndroidManifest.xml
	xmlns:android
		ADDED from src/main/AndroidManifest.xml:2:11-69
	android:versionCode
		INJECTED from src/main/AndroidManifest.xml
		INJECTED from src/main/AndroidManifest.xml
application
ADDED from src/main/AndroidManifest.xml:5:5-18:19
MERGED from [dektalk:restcomm.android.sdk:unspecified] AndroidManifest.xml:35:5-43:19
MERGED from [com.android.support:appcompat-v7:24.2.1] AndroidManifest.xml:25:5-20
MERGED from [com.android.support:support-v4:24.2.1] AndroidManifest.xml:25:5-20
MERGED from [com.android.support:support-compat:24.2.1] AndroidManifest.xml:25:5-20
MERGED from [com.android.support:support-media-compat:24.2.1] AndroidManifest.xml:25:5-20
MERGED from [com.android.support:support-core-utils:24.2.1] AndroidManifest.xml:25:5-20
MERGED from [com.android.support:support-core-ui:24.2.1] AndroidManifest.xml:25:5-20
MERGED from [com.android.support:support-fragment:24.2.1] AndroidManifest.xml:25:5-20
MERGED from [com.android.support:support-vector-drawable:24.2.1] AndroidManifest.xml:23:5-20
MERGED from [com.android.support:animated-vector-drawable:24.2.1] AndroidManifest.xml:22:5-20
	android:label
		ADDED from src/main/AndroidManifest.xml:8:9-41
	android:supportsRtl
		ADDED from src/main/AndroidManifest.xml:9:9-35
	android:allowBackup
		ADDED from src/main/AndroidManifest.xml:6:9-35
	android:icon
		ADDED from src/main/AndroidManifest.xml:7:9-43
	android:theme
		ADDED from src/main/AndroidManifest.xml:10:9-40
activity#au.com.dektech.dektalk.MainActivity
ADDED from src/main/AndroidManifest.xml:11:9-17:20
	android:name
		ADDED from src/main/AndroidManifest.xml:11:19-47
intent-filter#android.intent.action.MAIN+android.intent.category.LAUNCHER
ADDED from src/main/AndroidManifest.xml:12:13-16:29
action#android.intent.action.MAIN
ADDED from src/main/AndroidManifest.xml:13:17-69
	android:name
		ADDED from src/main/AndroidManifest.xml:13:25-66
category#android.intent.category.LAUNCHER
ADDED from src/main/AndroidManifest.xml:15:17-77
	android:name
		ADDED from src/main/AndroidManifest.xml:15:27-74
uses-sdk
INJECTED from src/main/AndroidManifest.xml reason: use-sdk injection requested
MERGED from [dektalk:restcomm.android.sdk:unspecified] AndroidManifest.xml:7:5-9:41
MERGED from [com.android.support:appcompat-v7:24.2.1] AndroidManifest.xml:21:5-23:78
MERGED from [com.android.support:support-v4:24.2.1] AndroidManifest.xml:21:5-23:54
MERGED from [com.android.support:support-compat:24.2.1] AndroidManifest.xml:21:5-23:58
MERGED from [com.android.support:support-media-compat:24.2.1] AndroidManifest.xml:21:5-23:63
MERGED from [com.android.support:support-core-utils:24.2.1] AndroidManifest.xml:21:5-23:61
MERGED from [com.android.support:support-core-ui:24.2.1] AndroidManifest.xml:21:5-23:58
MERGED from [com.android.support:support-fragment:24.2.1] AndroidManifest.xml:21:5-23:60
MERGED from [com.android.support:support-vector-drawable:24.2.1] AndroidManifest.xml:21:5-43
MERGED from [com.android.support:animated-vector-drawable:24.2.1] AndroidManifest.xml:20:5-44
	tools:overrideLibrary
		ADDED from [com.android.support:appcompat-v7:24.2.1] AndroidManifest.xml:23:9-75
	android:targetSdkVersion
		INJECTED from src/main/AndroidManifest.xml
		INJECTED from src/main/AndroidManifest.xml
	android:minSdkVersion
		INJECTED from src/main/AndroidManifest.xml
		INJECTED from src/main/AndroidManifest.xml
uses-permission#android.permission.ACCESS_NETWORK_STATE
ADDED from [dektalk:restcomm.android.sdk:unspecified] AndroidManifest.xml:11:5-79
	android:name
		ADDED from [dektalk:restcomm.android.sdk:unspecified] AndroidManifest.xml:11:22-76
uses-permission#android.permission.CAMERA
ADDED from [dektalk:restcomm.android.sdk:unspecified] AndroidManifest.xml:13:5-65
	android:name
		ADDED from [dektalk:restcomm.android.sdk:unspecified] AndroidManifest.xml:13:22-62
uses-permission#android.permission.RECORD_AUDIO
ADDED from [dektalk:restcomm.android.sdk:unspecified] AndroidManifest.xml:14:5-71
	android:name
		ADDED from [dektalk:restcomm.android.sdk:unspecified] AndroidManifest.xml:14:22-68
uses-permission#android.permission.USE_SIP
ADDED from [dektalk:restcomm.android.sdk:unspecified] AndroidManifest.xml:15:5-66
	android:name
		ADDED from [dektalk:restcomm.android.sdk:unspecified] AndroidManifest.xml:15:22-63
uses-permission#android.permission.INTERNET
ADDED from [dektalk:restcomm.android.sdk:unspecified] AndroidManifest.xml:16:5-67
	android:name
		ADDED from [dektalk:restcomm.android.sdk:unspecified] AndroidManifest.xml:16:22-64
uses-permission#android.permission.VIBRATE
ADDED from [dektalk:restcomm.android.sdk:unspecified] AndroidManifest.xml:17:5-66
	android:name
		ADDED from [dektalk:restcomm.android.sdk:unspecified] AndroidManifest.xml:17:22-63
uses-permission#android.permission.ACCESS_WIFI_STATE
ADDED from [dektalk:restcomm.android.sdk:unspecified] AndroidManifest.xml:18:5-76
	android:name
		ADDED from [dektalk:restcomm.android.sdk:unspecified] AndroidManifest.xml:18:22-73
uses-permission#android.permission.WAKE_LOCK
ADDED from [dektalk:restcomm.android.sdk:unspecified] AndroidManifest.xml:19:5-68
	android:name
		ADDED from [dektalk:restcomm.android.sdk:unspecified] AndroidManifest.xml:19:22-65
uses-permission#android.permission.MODIFY_AUDIO_SETTINGS
ADDED from [dektalk:restcomm.android.sdk:unspecified] AndroidManifest.xml:20:5-80
	android:name
		ADDED from [dektalk:restcomm.android.sdk:unspecified] AndroidManifest.xml:20:22-77
uses-permission#android.permission.CHANGE_NETWORK_STATE
ADDED from [dektalk:restcomm.android.sdk:unspecified] AndroidManifest.xml:21:5-79
	android:name
		ADDED from [dektalk:restcomm.android.sdk:unspecified] AndroidManifest.xml:21:22-76
uses-feature#android.hardware.sip.voip
ADDED from [dektalk:restcomm.android.sdk:unspecified] AndroidManifest.xml:25:5-27:35
	android:required
		ADDED from [dektalk:restcomm.android.sdk:unspecified] AndroidManifest.xml:27:9-32
	android:name
		ADDED from [dektalk:restcomm.android.sdk:unspecified] AndroidManifest.xml:26:9-49
uses-feature#android.hardware.wifi
ADDED from [dektalk:restcomm.android.sdk:unspecified] AndroidManifest.xml:28:5-30:35
	android:required
		ADDED from [dektalk:restcomm.android.sdk:unspecified] AndroidManifest.xml:30:9-32
	android:name
		ADDED from [dektalk:restcomm.android.sdk:unspecified] AndroidManifest.xml:29:9-45
uses-feature#android.hardware.microphone
ADDED from [dektalk:restcomm.android.sdk:unspecified] AndroidManifest.xml:31:5-33:35
	android:required
		ADDED from [dektalk:restcomm.android.sdk:unspecified] AndroidManifest.xml:33:9-32
	android:name
		ADDED from [dektalk:restcomm.android.sdk:unspecified] AndroidManifest.xml:32:9-51
service#org.restcomm.android.sdk.RCDevice
ADDED from [dektalk:restcomm.android.sdk:unspecified] AndroidManifest.xml:38:9-42:19
	android:enabled
		ADDED from [dektalk:restcomm.android.sdk:unspecified] AndroidManifest.xml:40:13-35
	android:exported
		ADDED from [dektalk:restcomm.android.sdk:unspecified] AndroidManifest.xml:41:13-37
	android:name
		ADDED from [dektalk:restcomm.android.sdk:unspecified] AndroidManifest.xml:39:13-61